The system is: Darwin - 12.4.0 - i386
Compiling the C compiler identification source file "CMakeCCompilerId.c" succeeded.
Compiler: /usr/bin/cc 
Build flags: 
Id flags: 

The output was:
0


Compilation of the C compiler identification source "CMakeCCompilerId.c" produced "a.out"

The C compiler identification is Clang, found in "/Users/johnny/cpp/cpp_template/build/CMakeFiles/2.8.11.2/CompilerIdC/a.out"

Compiling the CXX compiler identification source file "CMakeCXXCompilerId.cpp" succeeded.
Compiler: /usr/bin/c++ 
Build flags: 
Id flags: 

The output was:
0


Compilation of the CXX compiler identification source "CMakeCXXCompilerId.cpp" produced "a.out"

The CXX compiler identification is Clang, found in "/Users/johnny/cpp/cpp_template/build/CMakeFiles/2.8.11.2/CompilerIdCXX/a.out"

Determining if the C compiler works passed with the following output:
Change Dir: /Users/johnny/cpp/cpp_template/build/CMakeFiles/CMakeTmp

Run Build Command:/usr/bin/make "cmTryCompileExec1585018525/fast"
/usr/bin/make -f CMakeFiles/cmTryCompileExec1585018525.dir/build.make CMakeFiles/cmTryCompileExec1585018525.dir/build
"/Applications/CMake 2.8-11.app/Contents/bin/cmake" -E cmake_progress_report /Users/johnny/cpp/cpp_template/build/CMakeFiles/CMakeTmp/CMakeFiles 1
Building C object CMakeFiles/cmTryCompileExec1585018525.dir/testCCompiler.c.o
/usr/bin/cc    -o CMakeFiles/cmTryCompileExec1585018525.dir/testCCompiler.c.o   -c /Users/johnny/cpp/cpp_template/build/CMakeFiles/CMakeTmp/testCCompiler.c
Linking C executable cmTryCompileExec1585018525
"/Applications/CMake 2.8-11.app/Contents/bin/cmake" -E cmake_link_script CMakeFiles/cmTryCompileExec1585018525.dir/link.txt --verbose=1
/usr/bin/cc      -Wl,-search_paths_first -Wl,-headerpad_max_install_names   CMakeFiles/cmTryCompileExec1585018525.dir/testCCompiler.c.o  -o cmTryCompileExec1585018525  


Detecting C compiler ABI info compiled with the following output:
Change Dir: /Users/johnny/cpp/cpp_template/build/CMakeFiles/CMakeTmp

Run Build Command:/usr/bin/make "cmTryCompileExec1548111219/fast"
/usr/bin/make -f CMakeFiles/cmTryCompileExec1548111219.dir/build.make CMakeFiles/cmTryCompileExec1548111219.dir/build
"/Applications/CMake 2.8-11.app/Contents/bin/cmake" -E cmake_progress_report /Users/johnny/cpp/cpp_template/build/CMakeFiles/CMakeTmp/CMakeFiles 1
Building C object CMakeFiles/cmTryCompileExec1548111219.dir/CMakeCCompilerABI.c.o
/usr/bin/cc    -o CMakeFiles/cmTryCompileExec1548111219.dir/CMakeCCompilerABI.c.o   -c "/Applications/CMake 2.8-11.app/Contents/share/cmake-2.8/Modules/CMakeCCompilerABI.c"
Linking C executable cmTryCompileExec1548111219
"/Applications/CMake 2.8-11.app/Contents/bin/cmake" -E cmake_link_script CMakeFiles/cmTryCompileExec1548111219.dir/link.txt --verbose=1
/usr/bin/cc      -Wl,-search_paths_first -Wl,-headerpad_max_install_names -v -Wl,-v CMakeFiles/cmTryCompileExec1548111219.dir/CMakeCCompilerABI.c.o  -o cmTryCompileExec1548111219   
Apple LLVM version 4.2 (clang-425.0.28) (based on LLVM 3.2svn)
Target: x86_64-apple-darwin12.4.0
Thread model: posix
 "/usr/bin/ld" -demangle -dynamic -arch x86_64 -macosx_version_min 10.8.0 -o cmTryCompileExec1548111219 -search_paths_first -headerpad_max_install_names -v CMakeFiles/cmTryCompileExec1548111219.dir/CMakeCCompilerABI.c.o -lSystem /usr/bin/../lib/clang/4.2/lib/darwin/libclang_rt.osx.a
@(#)PROGRAM:ld  PROJECT:ld64-136
configured to support archs: armv6 armv7 armv7s i386 x86_64
Library search paths:
	/usr/lib
	/usr/local/lib
Framework search paths:
	/Library/Frameworks/
	/System/Library/Frameworks/


Parsed C implicit link information from above output:
  link line regex: [^( *|.*[/\])(ld|ld|collect2)[^/\]*( |$)]
  ignore line: [Change Dir: /Users/johnny/cpp/cpp_template/build/CMakeFiles/CMakeTmp]
  ignore line: []
  ignore line: [Run Build Command:/usr/bin/make "cmTryCompileExec1548111219/fast"]
  ignore line: [/usr/bin/make -f CMakeFiles/cmTryCompileExec1548111219.dir/build.make CMakeFiles/cmTryCompileExec1548111219.dir/build]
  ignore line: ["/Applications/CMake 2.8-11.app/Contents/bin/cmake" -E cmake_progress_report /Users/johnny/cpp/cpp_template/build/CMakeFiles/CMakeTmp/CMakeFiles 1]
  ignore line: [Building C object CMakeFiles/cmTryCompileExec1548111219.dir/CMakeCCompilerABI.c.o]
  ignore line: [/usr/bin/cc    -o CMakeFiles/cmTryCompileExec1548111219.dir/CMakeCCompilerABI.c.o   -c "/Applications/CMake 2.8-11.app/Contents/share/cmake-2.8/Modules/CMakeCCompilerABI.c"]
  ignore line: [Linking C executable cmTryCompileExec1548111219]
  ignore line: ["/Applications/CMake 2.8-11.app/Contents/bin/cmake" -E cmake_link_script CMakeFiles/cmTryCompileExec1548111219.dir/link.txt --verbose=1]
  ignore line: [/usr/bin/cc      -Wl,-search_paths_first -Wl,-headerpad_max_install_names -v -Wl,-v CMakeFiles/cmTryCompileExec1548111219.dir/CMakeCCompilerABI.c.o  -o cmTryCompileExec1548111219   ]
  ignore line: [Apple LLVM version 4.2 (clang-425.0.28) (based on LLVM 3.2svn)]
  ignore line: [Target: x86_64-apple-darwin12.4.0]
  ignore line: [Thread model: posix]
  link line: [ "/usr/bin/ld" -demangle -dynamic -arch x86_64 -macosx_version_min 10.8.0 -o cmTryCompileExec1548111219 -search_paths_first -headerpad_max_install_names -v CMakeFiles/cmTryCompileExec1548111219.dir/CMakeCCompilerABI.c.o -lSystem /usr/bin/../lib/clang/4.2/lib/darwin/libclang_rt.osx.a]
    arg [/usr/bin/ld] ==> ignore
    arg [-demangle] ==> ignore
    arg [-dynamic] ==> ignore
    arg [-arch] ==> ignore
    arg [x86_64] ==> ignore
    arg [-macosx_version_min] ==> ignore
    arg [10.8.0] ==> ignore
    arg [-o] ==> ignore
    arg [cmTryCompileExec1548111219] ==> ignore
    arg [-search_paths_first] ==> ignore
    arg [-headerpad_max_install_names] ==> ignore
    arg [-v] ==> ignore
    arg [CMakeFiles/cmTryCompileExec1548111219.dir/CMakeCCompilerABI.c.o] ==> ignore
    arg [-lSystem] ==> lib [System]
    arg [/usr/bin/../lib/clang/4.2/lib/darwin/libclang_rt.osx.a] ==> lib [/usr/bin/../lib/clang/4.2/lib/darwin/libclang_rt.osx.a]
  Library search paths: [;/usr/lib;/usr/local/lib]
  Framework search paths: [;/Library/Frameworks/;/System/Library/Frameworks/]
  remove lib [System]
  collapse lib [/usr/bin/../lib/clang/4.2/lib/darwin/libclang_rt.osx.a] ==> [/usr/lib/clang/4.2/lib/darwin/libclang_rt.osx.a]
  collapse library dir [/usr/lib] ==> [/usr/lib]
  collapse library dir [/usr/local/lib] ==> [/usr/local/lib]
  collapse framework dir [/Library/Frameworks/] ==> [/Library/Frameworks]
  collapse framework dir [/System/Library/Frameworks/] ==> [/System/Library/Frameworks]
  implicit libs: [/usr/lib/clang/4.2/lib/darwin/libclang_rt.osx.a]
  implicit dirs: [/usr/lib;/usr/local/lib]
  implicit fwks: [/Library/Frameworks;/System/Library/Frameworks]


Determining if the CXX compiler works passed with the following output:
Change Dir: /Users/johnny/cpp/cpp_template/build/CMakeFiles/CMakeTmp

Run Build Command:/usr/bin/make "cmTryCompileExec1343773064/fast"
/usr/bin/make -f CMakeFiles/cmTryCompileExec1343773064.dir/build.make CMakeFiles/cmTryCompileExec1343773064.dir/build
"/Applications/CMake 2.8-11.app/Contents/bin/cmake" -E cmake_progress_report /Users/johnny/cpp/cpp_template/build/CMakeFiles/CMakeTmp/CMakeFiles 1
Building CXX object CMakeFiles/cmTryCompileExec1343773064.dir/testCXXCompiler.cxx.o
/usr/bin/c++     -o CMakeFiles/cmTryCompileExec1343773064.dir/testCXXCompiler.cxx.o -c /Users/johnny/cpp/cpp_template/build/CMakeFiles/CMakeTmp/testCXXCompiler.cxx
Linking CXX executable cmTryCompileExec1343773064
"/Applications/CMake 2.8-11.app/Contents/bin/cmake" -E cmake_link_script CMakeFiles/cmTryCompileExec1343773064.dir/link.txt --verbose=1
/usr/bin/c++       -Wl,-search_paths_first -Wl,-headerpad_max_install_names   CMakeFiles/cmTryCompileExec1343773064.dir/testCXXCompiler.cxx.o  -o cmTryCompileExec1343773064  


Detecting CXX compiler ABI info compiled with the following output:
Change Dir: /Users/johnny/cpp/cpp_template/build/CMakeFiles/CMakeTmp

Run Build Command:/usr/bin/make "cmTryCompileExec3313920998/fast"
/usr/bin/make -f CMakeFiles/cmTryCompileExec3313920998.dir/build.make CMakeFiles/cmTryCompileExec3313920998.dir/build
"/Applications/CMake 2.8-11.app/Contents/bin/cmake" -E cmake_progress_report /Users/johnny/cpp/cpp_template/build/CMakeFiles/CMakeTmp/CMakeFiles 1
Building CXX object CMakeFiles/cmTryCompileExec3313920998.dir/CMakeCXXCompilerABI.cpp.o
/usr/bin/c++     -o CMakeFiles/cmTryCompileExec3313920998.dir/CMakeCXXCompilerABI.cpp.o -c "/Applications/CMake 2.8-11.app/Contents/share/cmake-2.8/Modules/CMakeCXXCompilerABI.cpp"
Linking CXX executable cmTryCompileExec3313920998
"/Applications/CMake 2.8-11.app/Contents/bin/cmake" -E cmake_link_script CMakeFiles/cmTryCompileExec3313920998.dir/link.txt --verbose=1
/usr/bin/c++       -Wl,-search_paths_first -Wl,-headerpad_max_install_names -v -Wl,-v CMakeFiles/cmTryCompileExec3313920998.dir/CMakeCXXCompilerABI.cpp.o  -o cmTryCompileExec3313920998   
Apple LLVM version 4.2 (clang-425.0.28) (based on LLVM 3.2svn)
Target: x86_64-apple-darwin12.4.0
Thread model: posix
 "/usr/bin/ld" -demangle -dynamic -arch x86_64 -macosx_version_min 10.8.0 -o cmTryCompileExec3313920998 -search_paths_first -headerpad_max_install_names -v CMakeFiles/cmTryCompileExec3313920998.dir/CMakeCXXCompilerABI.cpp.o -lstdc++ -lSystem /usr/bin/../lib/clang/4.2/lib/darwin/libclang_rt.osx.a
@(#)PROGRAM:ld  PROJECT:ld64-136
configured to support archs: armv6 armv7 armv7s i386 x86_64
Library search paths:
	/usr/lib
	/usr/local/lib
Framework search paths:
	/Library/Frameworks/
	/System/Library/Frameworks/


Parsed CXX implicit link information from above output:
  link line regex: [^( *|.*[/\])(ld|ld|collect2)[^/\]*( |$)]
  ignore line: [Change Dir: /Users/johnny/cpp/cpp_template/build/CMakeFiles/CMakeTmp]
  ignore line: []
  ignore line: [Run Build Command:/usr/bin/make "cmTryCompileExec3313920998/fast"]
  ignore line: [/usr/bin/make -f CMakeFiles/cmTryCompileExec3313920998.dir/build.make CMakeFiles/cmTryCompileExec3313920998.dir/build]
  ignore line: ["/Applications/CMake 2.8-11.app/Contents/bin/cmake" -E cmake_progress_report /Users/johnny/cpp/cpp_template/build/CMakeFiles/CMakeTmp/CMakeFiles 1]
  ignore line: [Building CXX object CMakeFiles/cmTryCompileExec3313920998.dir/CMakeCXXCompilerABI.cpp.o]
  ignore line: [/usr/bin/c++     -o CMakeFiles/cmTryCompileExec3313920998.dir/CMakeCXXCompilerABI.cpp.o -c "/Applications/CMake 2.8-11.app/Contents/share/cmake-2.8/Modules/CMakeCXXCompilerABI.cpp"]
  ignore line: [Linking CXX executable cmTryCompileExec3313920998]
  ignore line: ["/Applications/CMake 2.8-11.app/Contents/bin/cmake" -E cmake_link_script CMakeFiles/cmTryCompileExec3313920998.dir/link.txt --verbose=1]
  ignore line: [/usr/bin/c++       -Wl,-search_paths_first -Wl,-headerpad_max_install_names -v -Wl,-v CMakeFiles/cmTryCompileExec3313920998.dir/CMakeCXXCompilerABI.cpp.o  -o cmTryCompileExec3313920998   ]
  ignore line: [Apple LLVM version 4.2 (clang-425.0.28) (based on LLVM 3.2svn)]
  ignore line: [Target: x86_64-apple-darwin12.4.0]
  ignore line: [Thread model: posix]
  link line: [ "/usr/bin/ld" -demangle -dynamic -arch x86_64 -macosx_version_min 10.8.0 -o cmTryCompileExec3313920998 -search_paths_first -headerpad_max_install_names -v CMakeFiles/cmTryCompileExec3313920998.dir/CMakeCXXCompilerABI.cpp.o -lstdc++ -lSystem /usr/bin/../lib/clang/4.2/lib/darwin/libclang_rt.osx.a]
    arg [/usr/bin/ld] ==> ignore
    arg [-demangle] ==> ignore
    arg [-dynamic] ==> ignore
    arg [-arch] ==> ignore
    arg [x86_64] ==> ignore
    arg [-macosx_version_min] ==> ignore
    arg [10.8.0] ==> ignore
    arg [-o] ==> ignore
    arg [cmTryCompileExec3313920998] ==> ignore
    arg [-search_paths_first] ==> ignore
    arg [-headerpad_max_install_names] ==> ignore
    arg [-v] ==> ignore
    arg [CMakeFiles/cmTryCompileExec3313920998.dir/CMakeCXXCompilerABI.cpp.o] ==> ignore
    arg [-lstdc++] ==> lib [stdc++]
    arg [-lSystem] ==> lib [System]
    arg [/usr/bin/../lib/clang/4.2/lib/darwin/libclang_rt.osx.a] ==> lib [/usr/bin/../lib/clang/4.2/lib/darwin/libclang_rt.osx.a]
  Library search paths: [;/usr/lib;/usr/local/lib]
  Framework search paths: [;/Library/Frameworks/;/System/Library/Frameworks/]
  remove lib [System]
  collapse lib [/usr/bin/../lib/clang/4.2/lib/darwin/libclang_rt.osx.a] ==> [/usr/lib/clang/4.2/lib/darwin/libclang_rt.osx.a]
  collapse library dir [/usr/lib] ==> [/usr/lib]
  collapse library dir [/usr/local/lib] ==> [/usr/local/lib]
  collapse framework dir [/Library/Frameworks/] ==> [/Library/Frameworks]
  collapse framework dir [/System/Library/Frameworks/] ==> [/System/Library/Frameworks]
  implicit libs: [stdc++;/usr/lib/clang/4.2/lib/darwin/libclang_rt.osx.a]
  implicit dirs: [/usr/lib;/usr/local/lib]
  implicit fwks: [/Library/Frameworks;/System/Library/Frameworks]


Determining if files pthread.h exist passed with the following output:
Change Dir: /Users/johnny/cpp/cpp_template/build/CMakeFiles/CMakeTmp

Run Build Command:/usr/bin/make "cmTryCompileExec1817625985/fast"
/usr/bin/make -f CMakeFiles/cmTryCompileExec1817625985.dir/build.make CMakeFiles/cmTryCompileExec1817625985.dir/build
"/Applications/CMake 2.8-11.app/Contents/bin/cmake" -E cmake_progress_report /Users/johnny/cpp/cpp_template/build/CMakeFiles/CMakeTmp/CMakeFiles 1
Building C object CMakeFiles/cmTryCompileExec1817625985.dir/CheckIncludeFiles.c.o
/usr/bin/cc    -o CMakeFiles/cmTryCompileExec1817625985.dir/CheckIncludeFiles.c.o   -c /Users/johnny/cpp/cpp_template/build/CMakeFiles/CMakeTmp/CheckIncludeFiles.c
Linking C executable cmTryCompileExec1817625985
"/Applications/CMake 2.8-11.app/Contents/bin/cmake" -E cmake_link_script CMakeFiles/cmTryCompileExec1817625985.dir/link.txt --verbose=1
/usr/bin/cc      -Wl,-search_paths_first -Wl,-headerpad_max_install_names   CMakeFiles/cmTryCompileExec1817625985.dir/CheckIncludeFiles.c.o  -o cmTryCompileExec1817625985  


Determining if the pthread_create exist passed with the following output:
Change Dir: /Users/johnny/cpp/cpp_template/build/CMakeFiles/CMakeTmp

Run Build Command:/usr/bin/make "cmTryCompileExec4124709773/fast"
/usr/bin/make -f CMakeFiles/cmTryCompileExec4124709773.dir/build.make CMakeFiles/cmTryCompileExec4124709773.dir/build
"/Applications/CMake 2.8-11.app/Contents/bin/cmake" -E cmake_progress_report /Users/johnny/cpp/cpp_template/build/CMakeFiles/CMakeTmp/CMakeFiles 1
Building C object CMakeFiles/cmTryCompileExec4124709773.dir/CheckSymbolExists.c.o
/usr/bin/cc    -o CMakeFiles/cmTryCompileExec4124709773.dir/CheckSymbolExists.c.o   -c /Users/johnny/cpp/cpp_template/build/CMakeFiles/CMakeTmp/CheckSymbolExists.c
Linking C executable cmTryCompileExec4124709773
"/Applications/CMake 2.8-11.app/Contents/bin/cmake" -E cmake_link_script CMakeFiles/cmTryCompileExec4124709773.dir/link.txt --verbose=1
/usr/bin/cc      -Wl,-search_paths_first -Wl,-headerpad_max_install_names   CMakeFiles/cmTryCompileExec4124709773.dir/CheckSymbolExists.c.o  -o cmTryCompileExec4124709773  

File /Users/johnny/cpp/cpp_template/build/CMakeFiles/CMakeTmp/CheckSymbolExists.c:
/* */
#include <pthread.h>

int main(int argc, char** argv)
{
  (void)argv;
#ifndef pthread_create
  return ((int*)(&pthread_create))[argc];
#else
  (void)argc;
  return 0;
#endif
}

